<?xml version="1.0" encoding="UTF-8"?>
<testsuite name="no.uio.aeroscript.ast.expr.OperationNodeTest" tests="6" skipped="0" failures="0" errors="0" timestamp="2024-09-13T10:39:01" hostname="DESKTOP-6GUOCSM" time="0.047">
  <properties/>
  <testcase name="evaluatePoint()" classname="no.uio.aeroscript.ast.expr.OperationNodeTest" time="0.027"/>
  <testcase name="evaluateRandom()" classname="no.uio.aeroscript.ast.expr.OperationNodeTest" time="0.004"/>
  <testcase name="evaluateMul()" classname="no.uio.aeroscript.ast.expr.OperationNodeTest" time="0.002"/>
  <testcase name="evaluateNeg()" classname="no.uio.aeroscript.ast.expr.OperationNodeTest" time="0.001"/>
  <testcase name="evaluateSub()" classname="no.uio.aeroscript.ast.expr.OperationNodeTest" time="0.002"/>
  <testcase name="evaluateSum()" classname="no.uio.aeroscript.ast.expr.OperationNodeTest" time="0.002"/>
  <system-out><![CDATA[]]></system-out>
  <system-err><![CDATA[]]></system-err>
</testsuite>
